[debug] [2021-01-02T10:02:17.247Z] ----------------------------------------------------------------------
[debug] [2021-01-02T10:02:17.249Z] Command:       /Users/ivorhoulker/.nvm/versions/node/v14.9.0/bin/node /Users/ivorhoulker/.nvm/versions/node/v14.9.0/bin/firebase deploy
[debug] [2021-01-02T10:02:17.249Z] CLI Version:   9.1.0
[debug] [2021-01-02T10:02:17.249Z] Platform:      darwin
[debug] [2021-01-02T10:02:17.249Z] Node Version:  v14.9.0
[debug] [2021-01-02T10:02:17.250Z] Time:          Sat Jan 02 2021 18:02:17 GMT+0800 (Hong Kong Standard Time)
[debug] [2021-01-02T10:02:17.250Z] ----------------------------------------------------------------------
[debug] [2021-01-02T10:02:17.250Z] 
[debug] [2021-01-02T10:02:17.252Z] >>> [apiv2][query] GET https://firebase-public.firebaseio.com/cli.json [none]
[debug] [2021-01-02T10:02:17.275Z] > command requires scopes: ["email","openid","https://www.googleapis.com/auth/cloudplatformprojects.readonly","https://www.googleapis.com/auth/firebase","https://www.googleapis.com/auth/cloud-platform"]
[debug] [2021-01-02T10:02:17.275Z] > authorizing via signed-in user
[debug] [2021-01-02T10:02:17.275Z] [iam] checking project rooftop-audience-data for permissions ["cloudfunctions.functions.create","cloudfunctions.functions.delete","cloudfunctions.functions.get","cloudfunctions.functions.list","cloudfunctions.functions.update","cloudfunctions.operations.get","datastore.indexes.create","datastore.indexes.delete","datastore.indexes.list","datastore.indexes.update","firebase.projects.get","firebasehosting.sites.update"]
[debug] [2021-01-02T10:02:17.277Z] > refreshing access token with scopes: ["email","https://www.googleapis.com/auth/cloud-platform","https://www.googleapis.com/auth/cloudplatformprojects.readonly","https://www.googleapis.com/auth/firebase","openid"]
[debug] [2021-01-02T10:02:17.277Z] >>> HTTP REQUEST POST https://www.googleapis.com/oauth2/v3/token  
 <request body omitted>
[debug] [2021-01-02T10:02:17.385Z] <<< HTTP RESPONSE 200 {"date":"Sat, 02 Jan 2021 10:02:17 GMT","cache-control":"no-cache, no-store, max-age=0, must-revalidate","pragma":"no-cache","expires":"Mon, 01 Jan 1990 00:00:00 GMT","content-type":"application/json; charset=utf-8","vary":"X-Origin, Referer, Origin,Accept-Encoding","server":"scaffolding on HTTPServer2","x-xss-protection":"0","x-frame-options":"SAMEORIGIN","x-content-type-options":"nosniff","alt-svc":"h3-29=\":443\"; ma=2592000,h3-T051=\":443\"; ma=2592000,h3-Q050=\":443\"; ma=2592000,h3-Q046=\":443\"; ma=2592000,h3-Q043=\":443\"; ma=2592000,quic=\":443\"; ma=2592000; v=\"46,43\"","accept-ranges":"none","transfer-encoding":"chunked"}
[debug] [2021-01-02T10:02:17.400Z] >>> HTTP REQUEST POST https://cloudresourcemanager.googleapis.com/v1/projects/rooftop-audience-data:testIamPermissions  
 {"permissions":["cloudfunctions.functions.create","cloudfunctions.functions.delete","cloudfunctions.functions.get","cloudfunctions.functions.list","cloudfunctions.functions.update","cloudfunctions.operations.get","datastore.indexes.create","datastore.indexes.delete","datastore.indexes.list","datastore.indexes.update","firebase.projects.get","firebasehosting.sites.update"]}
[debug] [2021-01-02T10:02:17.848Z] <<< [apiv2][status] GET https://firebase-public.firebaseio.com/cli.json 200
[debug] [2021-01-02T10:02:17.848Z] <<< [apiv2][body] GET https://firebase-public.firebaseio.com/cli.json {"cloudBuildErrorAfter":1594252800000,"cloudBuildWarnAfter":1590019200000,"defaultNode10After":1594252800000,"minVersion":"3.0.5","node8DeploysDisabledAfter":1613390400000,"node8RuntimeDisabledAfter":1615809600000,"node8WarnAfter":1600128000000}
[debug] [2021-01-02T10:02:18.701Z] <<< HTTP RESPONSE 200 {"content-type":"application/json; charset=UTF-8","vary":"X-Origin, Referer, Origin,Accept-Encoding","date":"Sat, 02 Jan 2021 10:02:18 GMT","server":"ESF","cache-control":"private","x-xss-protection":"0","x-frame-options":"SAMEORIGIN","x-content-type-options":"nosniff","server-timing":"gfet4t7; dur=927","alt-svc":"h3-29=\":443\"; ma=2592000,h3-T051=\":443\"; ma=2592000,h3-Q050=\":443\"; ma=2592000,h3-Q046=\":443\"; ma=2592000,h3-Q043=\":443\"; ma=2592000,quic=\":443\"; ma=2592000; v=\"46,43\"","accept-ranges":"none","transfer-encoding":"chunked"}
[debug] [2021-01-02T10:02:18.702Z] >>> HTTP REQUEST POST https://iam.googleapis.com/v1/projects/rooftop-audience-data/serviceAccounts/rooftop-audience-data@appspot.gserviceaccount.com:testIamPermissions  
 {"permissions":["iam.serviceAccounts.actAs"]}
[debug] [2021-01-02T10:02:19.927Z] <<< HTTP RESPONSE 200 {"content-type":"application/json; charset=UTF-8","vary":"X-Origin, Referer, Origin,Accept-Encoding","date":"Sat, 02 Jan 2021 10:02:19 GMT","server":"ESF","cache-control":"private","x-xss-protection":"0","x-frame-options":"SAMEORIGIN","x-content-type-options":"nosniff","alt-svc":"h3-29=\":443\"; ma=2592000,h3-T051=\":443\"; ma=2592000,h3-Q050=\":443\"; ma=2592000,h3-Q046=\":443\"; ma=2592000,h3-Q043=\":443\"; ma=2592000,quic=\":443\"; ma=2592000; v=\"46,43\"","accept-ranges":"none","transfer-encoding":"chunked"}
[debug] [2021-01-02T10:02:19.928Z] >>> HTTP REQUEST GET https://firebase.googleapis.com/v1beta1/projects/rooftop-audience-data  
 
[debug] [2021-01-02T10:02:20.539Z] <<< HTTP RESPONSE 200 {"content-type":"application/json; charset=UTF-8","vary":"X-Origin, Referer, Origin,Accept-Encoding","date":"Sat, 02 Jan 2021 10:02:20 GMT","server":"ESF","cache-control":"private","x-xss-protection":"0","x-frame-options":"SAMEORIGIN","x-content-type-options":"nosniff","alt-svc":"h3-29=\":443\"; ma=2592000,h3-T051=\":443\"; ma=2592000,h3-Q050=\":443\"; ma=2592000,h3-Q046=\":443\"; ma=2592000,h3-Q043=\":443\"; ma=2592000,quic=\":443\"; ma=2592000; v=\"46,43\"","accept-ranges":"none","transfer-encoding":"chunked"}
[info] 
[info] === Deploying to 'rooftop-audience-data'...
[info] 
[info] i  deploying firestore, functions, hosting 
[info] Running command: npm --prefix "$RESOURCE_DIR" run build
[info] ✔  functions: Finished running predeploy script. 
[info] i  firestore: reading indexes from firestore.indexes.json... 
[info] i  cloud.firestore: checking firestore.rules for compilation errors... 
[debug] [2021-01-02T10:02:29.213Z] >>> HTTP REQUEST POST https://firebaserules.googleapis.com/v1/projects/rooftop-audience-data:test  
 {"source":{"files":[{"name":"firestore.rules","content":"rules_version = '2';\nservice cloud.firestore {\n  match /databases/{database}/documents {\n\n    match /{document=**} {\n      allow read, write: if false;\n    }\n     match /users/{docId} {\n      allow read, write, create: if true;\n    }\n    \n    match /questions/{docId} {\n \t\t\tallow read, write, create: if request.auth.uid != null;\n     \n    }\n    match /answers/{docId} {\n \t\t\tallow read: if request.auth.uid != null;\n      allow create, write: if request.auth.uid != null;\n    }\n    \n    function canCreateMessage() {\n      let isSignedIn = request.auth.uid != null;\n      let isOwner = request.auth.uid == request.resource.data.uid;\n      let isNotLong = request.resource.data.text.size() < 999;\n      let isNow = request.time == request.resource.data.createdAt;\n\n      let isNotBanned = exists(\n      \t/databases/$(database)/documents/banned/$(request.auth.uid)\n      ) == false;\n      \n      return isSignedIn && isOwner && isNotLong && isNow && isNotBanned;\n    }\n    \n  }\n}"}]}}
[debug] [2021-01-02T10:02:30.600Z] <<< HTTP RESPONSE 200 {"content-type":"application/json; charset=UTF-8","vary":"X-Origin, Referer, Origin,Accept-Encoding","date":"Sat, 02 Jan 2021 10:02:30 GMT","server":"ESF","cache-control":"private","x-xss-protection":"0","x-frame-options":"SAMEORIGIN","x-content-type-options":"nosniff","alt-svc":"h3-29=\":443\"; ma=2592000,h3-T051=\":443\"; ma=2592000,h3-Q050=\":443\"; ma=2592000,h3-Q046=\":443\"; ma=2592000,h3-Q043=\":443\"; ma=2592000,quic=\":443\"; ma=2592000; v=\"46,43\"","accept-ranges":"none","transfer-encoding":"chunked"}
[warn] ⚠  [W] 21:14 - Unused function: canCreateMessage. 
[warn] ⚠  [W] 22:24 - Invalid variable name: request. 
[warn] ⚠  [W] 23:21 - Invalid variable name: request. 
[warn] ⚠  [W] 23:41 - Invalid variable name: request. 
[warn] ⚠  [W] 24:23 - Invalid variable name: request. 
[warn] ⚠  [W] 25:19 - Invalid variable name: request. 
[warn] ⚠  [W] 25:35 - Invalid variable name: request. 
[warn] ⚠  [W] 27:25 - Invalid function name: exists. 
[warn] ⚠  [W] 28:50 - Invalid variable name: request. 
[info] ✔  cloud.firestore: rules file firestore.rules compiled successfully 
[debug] [2021-01-02T10:02:30.604Z] > [functions] package.json contents: {
  "name": "functions",
  "scripts": {
    "lint": "eslint 'src/**/*'",
    "build": "tsc",
    "serve": "npm run build && firebase emulators:start --only functions",
    "shell": "npm run build && firebase functions:shell",
    "start": "npm run shell",
    "deploy": "firebase deploy --only functions",
    "logs": "firebase functions:log"
  },
  "engines": {
    "node": "10"
  },
  "main": "lib/index.js",
  "dependencies": {
    "cors": "^2.8.5",
    "firebase-admin": "^8.10.0",
    "firebase-functions": "^3.6.1"
  },
  "devDependencies": {
    "@types/express": "^4.17.9",
    "@typescript-eslint/eslint-plugin": "^3.9.1",
    "@typescript-eslint/parser": "^3.8.0",
    "eslint": "^7.6.0",
    "eslint-plugin-import": "^2.22.0",
    "typescript": "^3.8.0",
    "firebase-functions-test": "^0.2.0"
  },
  "private": true
}
[info] i  functions: ensuring required API cloudfunctions.googleapis.com is enabled... 
[info] i  functions: ensuring required API cloudbuild.googleapis.com is enabled... 
[debug] [2021-01-02T10:02:31.800Z] >>> HTTP REQUEST GET https://serviceusage.googleapis.com/v1/projects/rooftop-audience-data/services/cloudfunctions.googleapis.com  
 
[debug] [2021-01-02T10:02:31.800Z] >>> HTTP REQUEST GET https://serviceusage.googleapis.com/v1/projects/rooftop-audience-data/services/runtimeconfig.googleapis.com  
 
[debug] [2021-01-02T10:02:31.801Z] >>> HTTP REQUEST GET https://serviceusage.googleapis.com/v1/projects/rooftop-audience-data/services/cloudbuild.googleapis.com  
 
[debug] [2021-01-02T10:02:33.138Z] <<< HTTP RESPONSE 200 {"content-type":"application/json; charset=UTF-8","vary":"X-Origin, Referer, Origin,Accept-Encoding","date":"Sat, 02 Jan 2021 10:02:32 GMT","server":"ESF","cache-control":"private","x-xss-protection":"0","x-frame-options":"SAMEORIGIN","x-content-type-options":"nosniff","alt-svc":"h3-29=\":443\"; ma=2592000,h3-T051=\":443\"; ma=2592000,h3-Q050=\":443\"; ma=2592000,h3-Q046=\":443\"; ma=2592000,h3-Q043=\":443\"; ma=2592000,quic=\":443\"; ma=2592000; v=\"46,43\"","accept-ranges":"none","transfer-encoding":"chunked"}
[debug] [2021-01-02T10:02:33.147Z] <<< HTTP RESPONSE 200 {"content-type":"application/json; charset=UTF-8","vary":"X-Origin, Referer, Origin,Accept-Encoding","date":"Sat, 02 Jan 2021 10:02:32 GMT","server":"ESF","cache-control":"private","x-xss-protection":"0","x-frame-options":"SAMEORIGIN","x-content-type-options":"nosniff","alt-svc":"h3-29=\":443\"; ma=2592000,h3-T051=\":443\"; ma=2592000,h3-Q050=\":443\"; ma=2592000,h3-Q046=\":443\"; ma=2592000,h3-Q043=\":443\"; ma=2592000,quic=\":443\"; ma=2592000; v=\"46,43\"","accept-ranges":"none","transfer-encoding":"chunked"}
[info] ✔  functions: required API cloudbuild.googleapis.com is enabled 
[debug] [2021-01-02T10:02:33.154Z] <<< HTTP RESPONSE 200 {"content-type":"application/json; charset=UTF-8","vary":"X-Origin, Referer, Origin,Accept-Encoding","date":"Sat, 02 Jan 2021 10:02:32 GMT","server":"ESF","cache-control":"private","x-xss-protection":"0","x-frame-options":"SAMEORIGIN","x-content-type-options":"nosniff","alt-svc":"h3-29=\":443\"; ma=2592000,h3-T051=\":443\"; ma=2592000,h3-Q050=\":443\"; ma=2592000,h3-Q046=\":443\"; ma=2592000,h3-Q043=\":443\"; ma=2592000,quic=\":443\"; ma=2592000; v=\"46,43\"","accept-ranges":"none","transfer-encoding":"chunked"}
[info] ✔  functions: required API cloudfunctions.googleapis.com is enabled 
[debug] [2021-01-02T10:02:33.155Z] >>> HTTP REQUEST GET https://firebase.googleapis.com/v1beta1/projects/rooftop-audience-data/adminSdkConfig  
 
[debug] [2021-01-02T10:02:34.060Z] <<< HTTP RESPONSE 200 {"content-type":"application/json; charset=UTF-8","vary":"X-Origin, Referer, Origin,Accept-Encoding","date":"Sat, 02 Jan 2021 10:02:33 GMT","server":"ESF","cache-control":"private","x-xss-protection":"0","x-frame-options":"SAMEORIGIN","x-content-type-options":"nosniff","alt-svc":"h3-29=\":443\"; ma=2592000,h3-T051=\":443\"; ma=2592000,h3-Q050=\":443\"; ma=2592000,h3-Q046=\":443\"; ma=2592000,h3-Q043=\":443\"; ma=2592000,quic=\":443\"; ma=2592000; v=\"46,43\"","accept-ranges":"none","transfer-encoding":"chunked"}
[debug] [2021-01-02T10:02:34.063Z] >>> HTTP REQUEST POST https://firebasehosting.googleapis.com/v1beta1/sites/rooftop-audience-data/versions  
 {"config":{"rewrites":[{"glob":"/api/**","function":"api"},{"glob":"**","path":"/index.html"}]},"labels":{"deployment-tool":"cli-firebase"}}
[debug] [2021-01-02T10:02:36.636Z] <<< HTTP RESPONSE 200 {"content-type":"application/json; charset=UTF-8","vary":"X-Origin, Referer, Origin,Accept-Encoding","date":"Sat, 02 Jan 2021 10:02:36 GMT","server":"ESF","cache-control":"private","x-xss-protection":"0","x-frame-options":"SAMEORIGIN","x-content-type-options":"nosniff","alt-svc":"h3-29=\":443\"; ma=2592000,h3-T051=\":443\"; ma=2592000,h3-Q050=\":443\"; ma=2592000,h3-Q046=\":443\"; ma=2592000,h3-Q043=\":443\"; ma=2592000,quic=\":443\"; ma=2592000; v=\"46,43\"","accept-ranges":"none","transfer-encoding":"chunked"}
[debug] [2021-01-02T10:02:36.639Z] >>> HTTP REQUEST GET https://firebaserules.googleapis.com/v1/projects/rooftop-audience-data/releases?pageSize=10&pageToken=  
 
[debug] [2021-01-02T10:02:36.639Z] >>> HTTP REQUEST GET https://firestore.googleapis.com/v1/projects/rooftop-audience-data/databases/(default)/collectionGroups/-/indexes  
 
[debug] [2021-01-02T10:02:36.989Z] <<< HTTP RESPONSE 200 {"content-type":"application/json; charset=UTF-8","vary":"X-Origin, Referer, Origin,Accept-Encoding","date":"Sat, 02 Jan 2021 10:02:36 GMT","server":"ESF","cache-control":"private","x-xss-protection":"0","x-frame-options":"SAMEORIGIN","x-content-type-options":"nosniff","alt-svc":"h3-29=\":443\"; ma=2592000,h3-T051=\":443\"; ma=2592000,h3-Q050=\":443\"; ma=2592000,h3-Q046=\":443\"; ma=2592000,h3-Q043=\":443\"; ma=2592000,quic=\":443\"; ma=2592000; v=\"46,43\"","accept-ranges":"none","transfer-encoding":"chunked"}
[debug] [2021-01-02T10:02:36.990Z] >>> HTTP REQUEST GET https://firestore.googleapis.com/v1/projects/rooftop-audience-data/databases/(default)/collectionGroups/-/fields?filter=indexConfig.usesAncestorConfig=false  
 
[debug] [2021-01-02T10:02:37.302Z] <<< HTTP RESPONSE 200 {"content-type":"application/json; charset=UTF-8","vary":"X-Origin, Referer, Origin,Accept-Encoding","date":"Sat, 02 Jan 2021 10:02:37 GMT","server":"ESF","cache-control":"private","x-xss-protection":"0","x-frame-options":"SAMEORIGIN","x-content-type-options":"nosniff","alt-svc":"h3-29=\":443\"; ma=2592000,h3-T051=\":443\"; ma=2592000,h3-Q050=\":443\"; ma=2592000,h3-Q046=\":443\"; ma=2592000,h3-Q043=\":443\"; ma=2592000,quic=\":443\"; ma=2592000; v=\"46,43\"","accept-ranges":"none","transfer-encoding":"chunked"}
[info] ✔  firestore: deployed indexes in firestore.indexes.json successfully 
[debug] [2021-01-02T10:02:39.573Z] <<< HTTP RESPONSE 200 {"content-type":"application/json; charset=UTF-8","vary":"X-Origin, Referer, Origin,Accept-Encoding","date":"Sat, 02 Jan 2021 10:02:37 GMT","server":"ESF","cache-control":"private","x-xss-protection":"0","x-frame-options":"SAMEORIGIN","x-content-type-options":"nosniff","alt-svc":"h3-29=\":443\"; ma=2592000,h3-T051=\":443\"; ma=2592000,h3-Q050=\":443\"; ma=2592000,h3-Q046=\":443\"; ma=2592000,h3-Q043=\":443\"; ma=2592000,quic=\":443\"; ma=2592000; v=\"46,43\"","accept-ranges":"none","transfer-encoding":"chunked"}
[debug] [2021-01-02T10:02:39.575Z] >>> HTTP REQUEST GET https://firebaserules.googleapis.com/v1/projects/rooftop-audience-data/rulesets/ca1e3df9-c499-4ee0-bafd-7a48b191ffbf  
 
[debug] [2021-01-02T10:02:40.890Z] <<< HTTP RESPONSE 200 {"content-type":"application/json; charset=UTF-8","vary":"X-Origin, Referer, Origin,Accept-Encoding","date":"Sat, 02 Jan 2021 10:02:40 GMT","server":"ESF","cache-control":"private","x-xss-protection":"0","x-frame-options":"SAMEORIGIN","x-content-type-options":"nosniff","alt-svc":"h3-29=\":443\"; ma=2592000,h3-T051=\":443\"; ma=2592000,h3-Q050=\":443\"; ma=2592000,h3-Q046=\":443\"; ma=2592000,h3-Q043=\":443\"; ma=2592000,quic=\":443\"; ma=2592000; v=\"46,43\"","accept-ranges":"none","transfer-encoding":"chunked"}
[info] i  firestore: uploading rules firestore.rules... 
[debug] [2021-01-02T10:02:40.891Z] >>> HTTP REQUEST POST https://firebaserules.googleapis.com/v1/projects/rooftop-audience-data/rulesets  
 {"source":{"files":[{"name":"firestore.rules","content":"rules_version = '2';\nservice cloud.firestore {\n  match /databases/{database}/documents {\n\n    match /{document=**} {\n      allow read, write: if false;\n    }\n     match /users/{docId} {\n      allow read, write, create: if true;\n    }\n    \n    match /questions/{docId} {\n \t\t\tallow read, write, create: if request.auth.uid != null;\n     \n    }\n    match /answers/{docId} {\n \t\t\tallow read: if request.auth.uid != null;\n      allow create, write: if request.auth.uid != null;\n    }\n    \n    function canCreateMessage() {\n      let isSignedIn = request.auth.uid != null;\n      let isOwner = request.auth.uid == request.resource.data.uid;\n      let isNotLong = request.resource.data.text.size() < 999;\n      let isNow = request.time == request.resource.data.createdAt;\n\n      let isNotBanned = exists(\n      \t/databases/$(database)/documents/banned/$(request.auth.uid)\n      ) == false;\n      \n      return isSignedIn && isOwner && isNotLong && isNow && isNotBanned;\n    }\n    \n  }\n}"}]}}
[debug] [2021-01-02T10:02:42.068Z] <<< HTTP RESPONSE 200 {"content-type":"application/json; charset=UTF-8","vary":"X-Origin, Referer, Origin,Accept-Encoding","date":"Sat, 02 Jan 2021 10:02:41 GMT","server":"ESF","cache-control":"private","x-xss-protection":"0","x-frame-options":"SAMEORIGIN","x-content-type-options":"nosniff","alt-svc":"h3-29=\":443\"; ma=2592000,h3-T051=\":443\"; ma=2592000,h3-Q050=\":443\"; ma=2592000,h3-Q046=\":443\"; ma=2592000,h3-Q043=\":443\"; ma=2592000,quic=\":443\"; ma=2592000; v=\"46,43\"","accept-ranges":"none","transfer-encoding":"chunked"}
[debug] [2021-01-02T10:02:42.068Z] [rules] created ruleset projects/rooftop-audience-data/rulesets/759e250f-1061-4726-aa1f-d12452ce3e27
[info] i  functions: preparing functions directory for uploading... 
[debug] [2021-01-02T10:02:42.069Z] >>> HTTP REQUEST GET https://runtimeconfig.googleapis.com/v1beta1/projects/rooftop-audience-data/configs  
 
[debug] [2021-01-02T10:02:42.887Z] <<< HTTP RESPONSE 200 {"content-type":"application/json; charset=UTF-8","vary":"X-Origin, Referer, Origin,Accept-Encoding","date":"Sat, 02 Jan 2021 10:02:42 GMT","server":"ESF","cache-control":"private","x-xss-protection":"0","x-frame-options":"SAMEORIGIN","x-content-type-options":"nosniff","alt-svc":"h3-29=\":443\"; ma=2592000,h3-T051=\":443\"; ma=2592000,h3-Q050=\":443\"; ma=2592000,h3-Q046=\":443\"; ma=2592000,h3-Q043=\":443\"; ma=2592000,quic=\":443\"; ma=2592000; v=\"46,43\"","accept-ranges":"none","transfer-encoding":"chunked"}
[info] i  functions: packaged functions (54.11 KB) for uploading 
[debug] [2021-01-02T10:02:43.227Z] >>> HTTP REQUEST GET https://cloudfunctions.googleapis.com/v1/projects/rooftop-audience-data/locations/-/functions  
 
[debug] [2021-01-02T10:02:44.122Z] <<< HTTP RESPONSE 200 {"content-type":"application/json; charset=UTF-8","vary":"X-Origin, Referer, Origin,Accept-Encoding","date":"Sat, 02 Jan 2021 10:02:43 GMT","server":"ESF","cache-control":"private","x-xss-protection":"0","x-frame-options":"SAMEORIGIN","x-content-type-options":"nosniff","alt-svc":"h3-29=\":443\"; ma=2592000,h3-T051=\":443\"; ma=2592000,h3-Q050=\":443\"; ma=2592000,h3-Q046=\":443\"; ma=2592000,h3-Q043=\":443\"; ma=2592000,quic=\":443\"; ma=2592000; v=\"46,43\"","accept-ranges":"none","transfer-encoding":"chunked"}
[debug] [2021-01-02T10:02:44.125Z] >>> HTTP REQUEST POST https://cloudfunctions.googleapis.com/v1/projects/rooftop-audience-data/locations/us-central1/functions:generateUploadUrl  
 
[debug] [2021-01-02T10:02:47.316Z] <<< HTTP RESPONSE 200 {"content-type":"application/json; charset=UTF-8","vary":"X-Origin, Referer, Origin,Accept-Encoding","date":"Sat, 02 Jan 2021 10:02:46 GMT","server":"ESF","cache-control":"private","x-xss-protection":"0","x-frame-options":"SAMEORIGIN","x-content-type-options":"nosniff","alt-svc":"h3-29=\":443\"; ma=2592000,h3-T051=\":443\"; ma=2592000,h3-Q050=\":443\"; ma=2592000,h3-Q046=\":443\"; ma=2592000,h3-Q043=\":443\"; ma=2592000,quic=\":443\"; ma=2592000; v=\"46,43\"","accept-ranges":"none","transfer-encoding":"chunked"}
[debug] [2021-01-02T10:02:47.317Z] >>> HTTP REQUEST PUT https://storage.googleapis.com/gcf-upload-us-central1-8a94140a-ce18-45e5-8079-fd50c07becb6/c9b7bd79-7b3f-41ea-be0b-80d211f90199.zip?GoogleAccessId=service-641794281450@gcf-admin-robot.iam.gserviceaccount.com&Expires=1609583566&Signature=ndok9ahGoKqvxYP4hOCGD325PwxZBmCpreupWJ%2FCn3uRq2AvtRCad%2BcIJHtdbe3fQOcXWmNrpLZAXEhy%2FGr7GMp3Vtqtl7A2XVA8Yh1GjA8w7Sc1atDtwjkSiTJfQanecJ03Sf%2BhL7Qfcl4FdbiKerMtTne%2FzmiQT4Ul%2B9kCJhn5ByVsH8BRwO7RRas2RK2g8Wb8JYSEJG4UyEVEDICRnM6BPFCZvqXbUk4P6niQHt3%2FZB7qBul7FDIpXQTavkDeyC5TQ%2FlfZ4NzJ9l8nO7RVzwVcz97y6rc6bgSHVn4pSXHXFJlUbbDUEjW9Y%2FFX6hF5zo%2Fp1kgmPVP199QowE5Hg%3D%3D  
 <request body omitted>
[debug] [2021-01-02T10:02:47.985Z] <<< HTTP RESPONSE 200 {"x-guploader-uploadid":"ABg5-Uy11QszlaDtpfgs9M2pn5N7-j9pYE4VbPJdjQ4DDDP2ECbgXLGr6EhgRgr3zyZz3KLxNT8Vt6-jgou-hMoq2bI","etag":"\"a45a8248212fe5d6ed171b9975327b6a\"","x-goog-generation":"1609581767849044","x-goog-metageneration":"1","x-goog-hash":"crc32c=jQ2/4w==, md5=pFqCSCEv5dbtFxuZdTJ7ag==","x-goog-stored-content-length":"55407","x-goog-stored-content-encoding":"identity","vary":"Origin","content-length":"0","date":"Sat, 02 Jan 2021 10:02:47 GMT","server":"UploadServer","content-type":"text/html; charset=UTF-8","alt-svc":"h3-29=\":443\"; ma=2592000,h3-T051=\":443\"; ma=2592000,h3-Q050=\":443\"; ma=2592000,h3-Q046=\":443\"; ma=2592000,h3-Q043=\":443\"; ma=2592000,quic=\":443\"; ma=2592000; v=\"46,43\""}
[info] ✔  functions: functions folder uploaded successfully 
[info] i  hosting[rooftop-audience-data]: beginning deploy... 
[info] i  hosting[rooftop-audience-data]: found 18 files in build 
[debug] [2021-01-02T10:02:48.573Z] > refreshing access token with scopes: []
[debug] [2021-01-02T10:02:48.573Z] >>> HTTP REQUEST POST https://www.googleapis.com/oauth2/v3/token  
 <request body omitted>
[debug] [2021-01-02T10:02:48.574Z] [hosting] hash cache [YnVpbGQ] stored for 18 files
[debug] [2021-01-02T10:02:48.575Z] [hosting][hash queue][FINAL] {"max":568,"min":7,"avg":42.44444444444444,"active":0,"complete":18,"success":18,"errored":0,"retried":0,"total":18,"elapsed":574}
[debug] [2021-01-02T10:02:48.666Z] <<< HTTP RESPONSE 200 {"pragma":"no-cache","expires":"Mon, 01 Jan 1990 00:00:00 GMT","date":"Sat, 02 Jan 2021 10:02:48 GMT","cache-control":"no-cache, no-store, max-age=0, must-revalidate","content-type":"application/json; charset=utf-8","vary":"X-Origin, Referer, Origin,Accept-Encoding","server":"scaffolding on HTTPServer2","x-xss-protection":"0","x-frame-options":"SAMEORIGIN","x-content-type-options":"nosniff","alt-svc":"h3-29=\":443\"; ma=2592000,h3-T051=\":443\"; ma=2592000,h3-Q050=\":443\"; ma=2592000,h3-Q046=\":443\"; ma=2592000,h3-Q043=\":443\"; ma=2592000,quic=\":443\"; ma=2592000; v=\"46,43\"","accept-ranges":"none","transfer-encoding":"chunked"}
[debug] [2021-01-02T10:02:48.677Z] >>> [apiv2][query] POST https://firebasehosting.googleapis.com/v1beta1/sites/rooftop-audience-data/versions/47ac218a946d3dae:populateFiles [none]
[debug] [2021-01-02T10:02:48.677Z] >>> [apiv2][body] POST https://firebasehosting.googleapis.com/v1beta1/sites/rooftop-audience-data/versions/47ac218a946d3dae:populateFiles {"files":{"/asset-manifest.json":"ecdbb832f4cd66f2f6261cf8dbfb355510f45d9bf93005439014108e12fe58c0","/favicon.ico":"b72f7455f00e4e58792d2bca892abb068e2213838c0316d6b7a0d6d16acd1955","/manifest.json":"341d52628782f8ac9290bbfc43298afccb47b7cbfcee146ae30cf0f46bc30900","/index.html":"14a43d3bdf918c4e372cab365c121c959bae6d58549022f2db33d41c21ea3864","/robots.txt":"391d14b3c2f8c9143a27a28c7399585142228d4d1bdbe2c87ac946de411fa9a2","/static/css/main.f69c8152.chunk.css":"e7de2c4c00e1bf5854d7e231bd67dfc8c267cb99747a6f298e030c0416cd60c5","/logo192.png":"caff018b7f1e8fd481eb1c50d75b0ef236bcd5078b1d15c8bb348453fee30293","/static/js/3.dab1d174.chunk.js":"edec3555f14f56953ff3d83af2e427f92048e5791732fb149a2ecd9d35bad789","/static/js/3.dab1d174.chunk.js.map":"d8d39653d1a8080e683d424cd348658d1413bb3319cfbd7b4c72308192894394","/static/js/main.6b03881d.chunk.js":"2978422d70de4720133e2389e4af2a3b12f036b0bf1ecdcacb48e46da7a2212c","/static/css/main.f69c8152.chunk.css.map":"977084727999182924a692528dc019c819453059d358b59222acca5c9b51ba82","/static/js/runtime-main.504a540b.js":"30f7b01c202d8fac7a66e693fa0ab934e445aae66d7f72e12a93a9f36abd2920","/static/js/runtime-main.504a540b.js.map":"f281cef0dc06655682dbda99b6085c80623a54f2cdb1a7ca0367b9f2ac5b1b35","/logo512.png":"191fc21360b4ccfb1cda11a1efb97f489ed22672ca83f4064316802bbfdd750e","/static/js/2.5da00c74.chunk.js.LICENSE.txt":"a53366d938ef04a895ba48587a7321457f7ede2ae32a40f5a018c32e840ca096","/static/js/main.6b03881d.chunk.js.map":"460fdcd7e133a74e918730e725e6978b459f6afbd2ee2d482c019b12c68c7398","/static/js/2.5da00c74.chunk.js":"ae49643b902898c2305793f5f3e4b7c4c0fb2250c50245d2ac3b35d4f679a9a6","/static/js/2.5da00c74.chunk.js.map":"7876af164feebcdfdbc50f2fe2b7d3e2e867273e3126b279897bdefd86fe755f"}}
[debug] [2021-01-02T10:02:50.467Z] <<< [apiv2][status] POST https://firebasehosting.googleapis.com/v1beta1/sites/rooftop-audience-data/versions/47ac218a946d3dae:populateFiles 200
[debug] [2021-01-02T10:02:50.467Z] <<< [apiv2][body] POST https://firebasehosting.googleapis.com/v1beta1/sites/rooftop-audience-data/versions/47ac218a946d3dae:populateFiles {"uploadRequiredHashes":["977084727999182924a692528dc019c819453059d358b59222acca5c9b51ba82","460fdcd7e133a74e918730e725e6978b459f6afbd2ee2d482c019b12c68c7398","d8d39653d1a8080e683d424cd348658d1413bb3319cfbd7b4c72308192894394","f281cef0dc06655682dbda99b6085c80623a54f2cdb1a7ca0367b9f2ac5b1b35","edec3555f14f56953ff3d83af2e427f92048e5791732fb149a2ecd9d35bad789","2978422d70de4720133e2389e4af2a3b12f036b0bf1ecdcacb48e46da7a2212c","14a43d3bdf918c4e372cab365c121c959bae6d58549022f2db33d41c21ea3864","7876af164feebcdfdbc50f2fe2b7d3e2e867273e3126b279897bdefd86fe755f","30f7b01c202d8fac7a66e693fa0ab934e445aae66d7f72e12a93a9f36abd2920","e7de2c4c00e1bf5854d7e231bd67dfc8c267cb99747a6f298e030c0416cd60c5","ae49643b902898c2305793f5f3e4b7c4c0fb2250c50245d2ac3b35d4f679a9a6","ecdbb832f4cd66f2f6261cf8dbfb355510f45d9bf93005439014108e12fe58c0"],"uploadUrl":"https://upload-firebasehosting.googleapis.com/upload/sites/rooftop-audience-data/versions/47ac218a946d3dae/files"}
[debug] [2021-01-02T10:02:50.470Z] >>> [apiv2][query] POST https://upload-firebasehosting.googleapis.com/upload/sites/rooftop-audience-data/versions/47ac218a946d3dae/files/977084727999182924a692528dc019c819453059d358b59222acca5c9b51ba82 [none]
[debug] [2021-01-02T10:02:50.470Z] >>> [apiv2][body] POST https://upload-firebasehosting.googleapis.com/upload/sites/rooftop-audience-data/versions/47ac218a946d3dae/files/977084727999182924a692528dc019c819453059d358b59222acca5c9b51ba82 [stream]
[debug] [2021-01-02T10:02:50.471Z] >>> [apiv2][query] POST https://upload-firebasehosting.googleapis.com/upload/sites/rooftop-audience-data/versions/47ac218a946d3dae/files/460fdcd7e133a74e918730e725e6978b459f6afbd2ee2d482c019b12c68c7398 [none]
[debug] [2021-01-02T10:02:50.471Z] >>> [apiv2][body] POST https://upload-firebasehosting.googleapis.com/upload/sites/rooftop-audience-data/versions/47ac218a946d3dae/files/460fdcd7e133a74e918730e725e6978b459f6afbd2ee2d482c019b12c68c7398 [stream]
[debug] [2021-01-02T10:02:50.472Z] >>> [apiv2][query] POST https://upload-firebasehosting.googleapis.com/upload/sites/rooftop-audience-data/versions/47ac218a946d3dae/files/d8d39653d1a8080e683d424cd348658d1413bb3319cfbd7b4c72308192894394 [none]
[debug] [2021-01-02T10:02:50.472Z] >>> [apiv2][body] POST https://upload-firebasehosting.googleapis.com/upload/sites/rooftop-audience-data/versions/47ac218a946d3dae/files/d8d39653d1a8080e683d424cd348658d1413bb3319cfbd7b4c72308192894394 [stream]
[debug] [2021-01-02T10:02:50.475Z] >>> [apiv2][query] POST https://upload-firebasehosting.googleapis.com/upload/sites/rooftop-audience-data/versions/47ac218a946d3dae/files/f281cef0dc06655682dbda99b6085c80623a54f2cdb1a7ca0367b9f2ac5b1b35 [none]
[debug] [2021-01-02T10:02:50.475Z] >>> [apiv2][body] POST https://upload-firebasehosting.googleapis.com/upload/sites/rooftop-audience-data/versions/47ac218a946d3dae/files/f281cef0dc06655682dbda99b6085c80623a54f2cdb1a7ca0367b9f2ac5b1b35 [stream]
[debug] [2021-01-02T10:02:50.476Z] >>> [apiv2][query] POST https://upload-firebasehosting.googleapis.com/upload/sites/rooftop-audience-data/versions/47ac218a946d3dae/files/edec3555f14f56953ff3d83af2e427f92048e5791732fb149a2ecd9d35bad789 [none]
[debug] [2021-01-02T10:02:50.476Z] >>> [apiv2][body] POST https://upload-firebasehosting.googleapis.com/upload/sites/rooftop-audience-data/versions/47ac218a946d3dae/files/edec3555f14f56953ff3d83af2e427f92048e5791732fb149a2ecd9d35bad789 [stream]
[debug] [2021-01-02T10:02:50.477Z] >>> [apiv2][query] POST https://upload-firebasehosting.googleapis.com/upload/sites/rooftop-audience-data/versions/47ac218a946d3dae/files/2978422d70de4720133e2389e4af2a3b12f036b0bf1ecdcacb48e46da7a2212c [none]
[debug] [2021-01-02T10:02:50.478Z] >>> [apiv2][body] POST https://upload-firebasehosting.googleapis.com/upload/sites/rooftop-audience-data/versions/47ac218a946d3dae/files/2978422d70de4720133e2389e4af2a3b12f036b0bf1ecdcacb48e46da7a2212c [stream]
[debug] [2021-01-02T10:02:50.478Z] >>> [apiv2][query] POST https://upload-firebasehosting.googleapis.com/upload/sites/rooftop-audience-data/versions/47ac218a946d3dae/files/14a43d3bdf918c4e372cab365c121c959bae6d58549022f2db33d41c21ea3864 [none]
[debug] [2021-01-02T10:02:50.479Z] >>> [apiv2][body] POST https://upload-firebasehosting.googleapis.com/upload/sites/rooftop-audience-data/versions/47ac218a946d3dae/files/14a43d3bdf918c4e372cab365c121c959bae6d58549022f2db33d41c21ea3864 [stream]
[debug] [2021-01-02T10:02:50.479Z] >>> [apiv2][query] POST https://upload-firebasehosting.googleapis.com/upload/sites/rooftop-audience-data/versions/47ac218a946d3dae/files/7876af164feebcdfdbc50f2fe2b7d3e2e867273e3126b279897bdefd86fe755f [none]
[debug] [2021-01-02T10:02:50.479Z] >>> [apiv2][body] POST https://upload-firebasehosting.googleapis.com/upload/sites/rooftop-audience-data/versions/47ac218a946d3dae/files/7876af164feebcdfdbc50f2fe2b7d3e2e867273e3126b279897bdefd86fe755f [stream]
[debug] [2021-01-02T10:02:50.480Z] >>> [apiv2][query] POST https://upload-firebasehosting.googleapis.com/upload/sites/rooftop-audience-data/versions/47ac218a946d3dae/files/30f7b01c202d8fac7a66e693fa0ab934e445aae66d7f72e12a93a9f36abd2920 [none]
[debug] [2021-01-02T10:02:50.480Z] >>> [apiv2][body] POST https://upload-firebasehosting.googleapis.com/upload/sites/rooftop-audience-data/versions/47ac218a946d3dae/files/30f7b01c202d8fac7a66e693fa0ab934e445aae66d7f72e12a93a9f36abd2920 [stream]
[debug] [2021-01-02T10:02:50.481Z] >>> [apiv2][query] POST https://upload-firebasehosting.googleapis.com/upload/sites/rooftop-audience-data/versions/47ac218a946d3dae/files/e7de2c4c00e1bf5854d7e231bd67dfc8c267cb99747a6f298e030c0416cd60c5 [none]
[debug] [2021-01-02T10:02:50.481Z] >>> [apiv2][body] POST https://upload-firebasehosting.googleapis.com/upload/sites/rooftop-audience-data/versions/47ac218a946d3dae/files/e7de2c4c00e1bf5854d7e231bd67dfc8c267cb99747a6f298e030c0416cd60c5 [stream]
[debug] [2021-01-02T10:02:50.481Z] >>> [apiv2][query] POST https://upload-firebasehosting.googleapis.com/upload/sites/rooftop-audience-data/versions/47ac218a946d3dae/files/ae49643b902898c2305793f5f3e4b7c4c0fb2250c50245d2ac3b35d4f679a9a6 [none]
[debug] [2021-01-02T10:02:50.481Z] >>> [apiv2][body] POST https://upload-firebasehosting.googleapis.com/upload/sites/rooftop-audience-data/versions/47ac218a946d3dae/files/ae49643b902898c2305793f5f3e4b7c4c0fb2250c50245d2ac3b35d4f679a9a6 [stream]
[debug] [2021-01-02T10:02:50.482Z] >>> [apiv2][query] POST https://upload-firebasehosting.googleapis.com/upload/sites/rooftop-audience-data/versions/47ac218a946d3dae/files/ecdbb832f4cd66f2f6261cf8dbfb355510f45d9bf93005439014108e12fe58c0 [none]
[debug] [2021-01-02T10:02:50.482Z] >>> [apiv2][body] POST https://upload-firebasehosting.googleapis.com/upload/sites/rooftop-audience-data/versions/47ac218a946d3dae/files/ecdbb832f4cd66f2f6261cf8dbfb355510f45d9bf93005439014108e12fe58c0 [stream]
[debug] [2021-01-02T10:02:50.483Z] [hosting][populate queue][FINAL] {"max":1897,"min":1897,"avg":1897,"active":0,"complete":1,"success":1,"errored":0,"retried":0,"total":1,"elapsed":1910}
[debug] [2021-01-02T10:02:50.483Z] [hosting] uploads queued: 12
[debug] [2021-01-02T10:02:52.018Z] <<< [apiv2][status] POST https://upload-firebasehosting.googleapis.com/upload/sites/rooftop-audience-data/versions/47ac218a946d3dae/files/2978422d70de4720133e2389e4af2a3b12f036b0bf1ecdcacb48e46da7a2212c 200
[debug] [2021-01-02T10:02:52.018Z] <<< [apiv2][body] POST https://upload-firebasehosting.googleapis.com/upload/sites/rooftop-audience-data/versions/47ac218a946d3dae/files/2978422d70de4720133e2389e4af2a3b12f036b0bf1ecdcacb48e46da7a2212c [stream]
[debug] [2021-01-02T10:02:52.071Z] <<< [apiv2][status] POST https://upload-firebasehosting.googleapis.com/upload/sites/rooftop-audience-data/versions/47ac218a946d3dae/files/14a43d3bdf918c4e372cab365c121c959bae6d58549022f2db33d41c21ea3864 200
[debug] [2021-01-02T10:02:52.071Z] <<< [apiv2][body] POST https://upload-firebasehosting.googleapis.com/upload/sites/rooftop-audience-data/versions/47ac218a946d3dae/files/14a43d3bdf918c4e372cab365c121c959bae6d58549022f2db33d41c21ea3864 [stream]
[debug] [2021-01-02T10:02:52.456Z] <<< [apiv2][status] POST https://upload-firebasehosting.googleapis.com/upload/sites/rooftop-audience-data/versions/47ac218a946d3dae/files/e7de2c4c00e1bf5854d7e231bd67dfc8c267cb99747a6f298e030c0416cd60c5 200
[debug] [2021-01-02T10:02:52.456Z] <<< [apiv2][body] POST https://upload-firebasehosting.googleapis.com/upload/sites/rooftop-audience-data/versions/47ac218a946d3dae/files/e7de2c4c00e1bf5854d7e231bd67dfc8c267cb99747a6f298e030c0416cd60c5 [stream]
[debug] [2021-01-02T10:02:52.487Z] <<< [apiv2][status] POST https://upload-firebasehosting.googleapis.com/upload/sites/rooftop-audience-data/versions/47ac218a946d3dae/files/edec3555f14f56953ff3d83af2e427f92048e5791732fb149a2ecd9d35bad789 200
[debug] [2021-01-02T10:02:52.487Z] <<< [apiv2][body] POST https://upload-firebasehosting.googleapis.com/upload/sites/rooftop-audience-data/versions/47ac218a946d3dae/files/edec3555f14f56953ff3d83af2e427f92048e5791732fb149a2ecd9d35bad789 [stream]
[debug] [2021-01-02T10:02:52.547Z] <<< [apiv2][status] POST https://upload-firebasehosting.googleapis.com/upload/sites/rooftop-audience-data/versions/47ac218a946d3dae/files/460fdcd7e133a74e918730e725e6978b459f6afbd2ee2d482c019b12c68c7398 200
[debug] [2021-01-02T10:02:52.547Z] <<< [apiv2][body] POST https://upload-firebasehosting.googleapis.com/upload/sites/rooftop-audience-data/versions/47ac218a946d3dae/files/460fdcd7e133a74e918730e725e6978b459f6afbd2ee2d482c019b12c68c7398 [stream]
